Determining if the pthread_create exist failed with the following output:
Change Dir: /home/ubuntu/cmu15445_lab/build/CMakeFiles/CMakeTmp

Run Build Command:"/usr/bin/make" "cmTC_1c617/fast"
/usr/bin/make -f CMakeFiles/cmTC_1c617.dir/build.make CMakeFiles/cmTC_1c617.dir/build
make[1]: Entering directory '/home/ubuntu/cmu15445_lab/build/CMakeFiles/CMakeTmp'
Building C object CMakeFiles/cmTC_1c617.dir/CheckSymbolExists.c.o
/usr/bin/cc    -o CMakeFiles/cmTC_1c617.dir/CheckSymbolExists.c.o   -c /home/ubuntu/cmu15445_lab/build/CMakeFiles/CMakeTmp/CheckSymbolExists.c
Linking C executable cmTC_1c617
/usr/bin/cmake -E cmake_link_script CMakeFiles/cmTC_1c617.dir/link.txt --verbose=1
/usr/bin/cc      CMakeFiles/cmTC_1c617.dir/CheckSymbolExists.c.o  -o cmTC_1c617 
CMakeFiles/cmTC_1c617.dir/CheckSymbolExists.c.o: In function `main':
CheckSymbolExists.c:(.text+0x1b): undefined reference to `pthread_create'
collect2: error: ld returned 1 exit status
CMakeFiles/cmTC_1c617.dir/build.make:97: recipe for target 'cmTC_1c617' failed
make[1]: *** [cmTC_1c617] Error 1
make[1]: Leaving directory '/home/ubuntu/cmu15445_lab/build/CMakeFiles/CMakeTmp'
Makefile:126: recipe for target 'cmTC_1c617/fast' failed
make: *** [cmTC_1c617/fast] Error 2

File /home/ubuntu/cmu15445_lab/build/CMakeFiles/CMakeTmp/CheckSymbolExists.c:
/* */
#include <pthread.h>

int main(int argc, char** argv)
{
  (void)argv;
#ifndef pthread_create
  return ((int*)(&pthread_create))[argc];
#else
  (void)argc;
  return 0;
#endif
}

Determining if the function pthread_create exists in the pthreads failed with the following output:
Change Dir: /home/ubuntu/cmu15445_lab/build/CMakeFiles/CMakeTmp

Run Build Command:"/usr/bin/make" "cmTC_90632/fast"
/usr/bin/make -f CMakeFiles/cmTC_90632.dir/build.make CMakeFiles/cmTC_90632.dir/build
make[1]: Entering directory '/home/ubuntu/cmu15445_lab/build/CMakeFiles/CMakeTmp'
Building C object CMakeFiles/cmTC_90632.dir/CheckFunctionExists.c.o
/usr/bin/cc   -DCHECK_FUNCTION_EXISTS=pthread_create   -o CMakeFiles/cmTC_90632.dir/CheckFunctionExists.c.o   -c /usr/share/cmake-3.10/Modules/CheckFunctionExists.c
Linking C executable cmTC_90632
/usr/bin/cmake -E cmake_link_script CMakeFiles/cmTC_90632.dir/link.txt --verbose=1
/usr/bin/cc  -DCHECK_FUNCTION_EXISTS=pthread_create    CMakeFiles/cmTC_90632.dir/CheckFunctionExists.c.o  -o cmTC_90632 -lpthreads 
/usr/bin/ld: cannot find -lpthreads
collect2: error: ld returned 1 exit status
CMakeFiles/cmTC_90632.dir/build.make:97: recipe for target 'cmTC_90632' failed
make[1]: *** [cmTC_90632] Error 1
make[1]: Leaving directory '/home/ubuntu/cmu15445_lab/build/CMakeFiles/CMakeTmp'
Makefile:126: recipe for target 'cmTC_90632/fast' failed
make: *** [cmTC_90632/fast] Error 2


Compiling the CXX compiler identification source file "CMakeCXXCompilerId.cpp" failed.
Compiler: /usr/bin/c++ 
Build flags: 
Id flags:  

The output was:
No such file or directory


Compiling the CXX compiler identification source file "CMakeCXXCompilerId.cpp" failed.
Compiler: /usr/bin/c++ 
Build flags: 
Id flags: -c 

The output was:
No such file or directory


Compiling the CXX compiler identification source file "CMakeCXXCompilerId.cpp" failed.
Compiler: /usr/bin/c++ 
Build flags: 
Id flags: --c++ 

The output was:
No such file or directory


Compiling the CXX compiler identification source file "CMakeCXXCompilerId.cpp" failed.
Compiler: /usr/bin/c++ 
Build flags: 
Id flags: --ec++ 

The output was:
No such file or directory


Compiling the CXX compiler identification source file "CMakeCXXCompilerId.cpp" failed.
Compiler: /usr/bin/c++ 
Build flags: 
Id flags:  

The output was:
No such file or directory


Compiling the CXX compiler identification source file "CMakeCXXCompilerId.cpp" failed.
Compiler: /usr/bin/c++ 
Build flags: 
Id flags: -c 

The output was:
No such file or directory


Compiling the CXX compiler identification source file "CMakeCXXCompilerId.cpp" failed.
Compiler: /usr/bin/c++ 
Build flags: 
Id flags: --c++ 

The output was:
No such file or directory


Compiling the CXX compiler identification source file "CMakeCXXCompilerId.cpp" failed.
Compiler: /usr/bin/c++ 
Build flags: 
Id flags: --ec++ 

The output was:
No such file or directory


Checking whether the CXX compiler is IAR using "" did not match "IAR .+ Compiler":
Checking whether the CXX compiler is IAR using "" did not match "IAR .+ Compiler":
Compiling the CXX compiler identification source file "CMakeCXXCompilerId.cpp" failed.
Compiler: /usr/bin/c++ 
Build flags: 
Id flags:  

The output was:
No such file or directory


Compiling the CXX compiler identification source file "CMakeCXXCompilerId.cpp" failed.
Compiler: /usr/bin/c++ 
Build flags: 
Id flags: -c 

The output was:
No such file or directory


Compiling the CXX compiler identification source file "CMakeCXXCompilerId.cpp" failed.
Compiler: /usr/bin/c++ 
Build flags: 
Id flags: --c++ 

The output was:
No such file or directory


Compiling the CXX compiler identification source file "CMakeCXXCompilerId.cpp" failed.
Compiler: /usr/bin/c++ 
Build flags: 
Id flags: --ec++ 

The output was:
No such file or directory


Compiling the CXX compiler identification source file "CMakeCXXCompilerId.cpp" failed.
Compiler: /usr/bin/c++ 
Build flags: 
Id flags:  

The output was:
No such file or directory


Compiling the CXX compiler identification source file "CMakeCXXCompilerId.cpp" failed.
Compiler: /usr/bin/c++ 
Build flags: 
Id flags: -c 

The output was:
No such file or directory


Compiling the CXX compiler identification source file "CMakeCXXCompilerId.cpp" failed.
Compiler: /usr/bin/c++ 
Build flags: 
Id flags: --c++ 

The output was:
No such file or directory


Compiling the CXX compiler identification source file "CMakeCXXCompilerId.cpp" failed.
Compiler: /usr/bin/c++ 
Build flags: 
Id flags: --ec++ 

The output was:
No such file or directory


Checking whether the CXX compiler is IAR using "" did not match "IAR .+ Compiler":
Checking whether the CXX compiler is IAR using "" did not match "IAR .+ Compiler":
Performing C SOURCE FILE Test CMAKE_HAVE_LIBC_PTHREAD failed with the following output:
Change Dir: /home/ubuntu/cmu15445_lab/build/CMakeFiles/CMakeTmp

Run Build Command(s):/usr/bin/make cmTC_6408b/fast && /usr/bin/make -f CMakeFiles/cmTC_6408b.dir/build.make CMakeFiles/cmTC_6408b.dir/build
make[1]: Entering directory '/home/ubuntu/cmu15445_lab/build/CMakeFiles/CMakeTmp'
Building C object CMakeFiles/cmTC_6408b.dir/src.c.o
/usr/bin/cc   -DCMAKE_HAVE_LIBC_PTHREAD   -o CMakeFiles/cmTC_6408b.dir/src.c.o   -c /home/ubuntu/cmu15445_lab/build/CMakeFiles/CMakeTmp/src.c
Linking C executable cmTC_6408b
/usr/bin/cmake -E cmake_link_script CMakeFiles/cmTC_6408b.dir/link.txt --verbose=1
/usr/bin/cc  -DCMAKE_HAVE_LIBC_PTHREAD    CMakeFiles/cmTC_6408b.dir/src.c.o  -o cmTC_6408b 
/usr/bin/ld: CMakeFiles/cmTC_6408b.dir/src.c.o: in function `main':
src.c:(.text+0x46): undefined reference to `pthread_create'
/usr/bin/ld: src.c:(.text+0x52): undefined reference to `pthread_detach'
/usr/bin/ld: src.c:(.text+0x63): undefined reference to `pthread_join'
collect2: error: ld returned 1 exit status
make[1]: *** [CMakeFiles/cmTC_6408b.dir/build.make:87: cmTC_6408b] Error 1
make[1]: Leaving directory '/home/ubuntu/cmu15445_lab/build/CMakeFiles/CMakeTmp'
make: *** [Makefile:121: cmTC_6408b/fast] Error 2


Source file was:
#include <pthread.h>

void* test_func(void* data)
{
  return data;
}

int main(void)
{
  pthread_t thread;
  pthread_create(&thread, NULL, test_func, NULL);
  pthread_detach(thread);
  pthread_join(thread, NULL);
  pthread_atfork(NULL, NULL, NULL);
  pthread_exit(NULL);

  return 0;
}

